#
# A fatal error has been detected by the Java Runtime Environment:
#
#  Internal Error (sharedRuntime.cpp:833), pid=14521, tid=24835
#  fatal error: exception happened outside interpreter, nmethods and vtable stubs at pc 0x00000001033ac1af
#
# JRE version: Java(TM) SE Runtime Environment (8.0_20-b26) (build 1.8.0_20-b26)
# Java VM: Java HotSpot(TM) 64-Bit Server VM (25.20-b23 mixed mode bsd-amd64 compressed oops)
# Failed to write core dump. Core dumps have been disabled. To enable core dumping, try "ulimit -c unlimited" before starting Java again
#
# If you would like to submit a bug report, please visit:
#   http://bugreport.sun.com/bugreport/crash.jsp
#

---------------  T H R E A D  ---------------

Current thread (0x00007fc4fc19a000):  JavaThread "WebSocketClient-SecureIO-2" daemon [_thread_in_Java, id=24835, stack(0x0000000121b28000,0x0000000121c28000)]

Stack: [0x0000000121b28000,0x0000000121c28000],  sp=0x0000000121c26180,  free space=1016k
Native frames: (J=compiled Java code, j=interpreted, Vv=VM code, C=native code)
V  [libjvm.dylib+0x578854]
V  [libjvm.dylib+0x1dab63]
V  [libjvm.dylib+0x4b66c1]
V  [libjvm.dylib+0x45e577]
V  [libjvm.dylib+0x45ab3b]
C  [libsystem_platform.dylib+0x4f1a]  _sigtramp+0x1a
C  0x00007fc4fc19a000
J 1328 C2 com.sun.crypto.provider.GCTR.update([BII[BI)I (158 bytes) @ 0x000000010374b623 [0x000000010374b440+0x1e3]


---------------  P R O C E S S  ---------------

Java Threads: ( => current thread )
  0x00007fc4fda00800 JavaThread "WebSocket background processing" daemon [_thread_blocked, id=25347, stack(0x0000000121c2b000,0x0000000121d2b000)]
=>0x00007fc4fc19a000 JavaThread "WebSocketClient-SecureIO-2" daemon [_thread_in_Java, id=24835, stack(0x0000000121b28000,0x0000000121c28000)]
  0x00007fc4fb169800 JavaThread "WebSocketClient-SecureIO-1" daemon [_thread_blocked, id=24327, stack(0x0000000121a25000,0x0000000121b25000)]
  0x00007fc4fb949800 JavaThread "Thread-1" daemon [_thread_in_native, id=23811, stack(0x00000001216ee000,0x00000001217ee000)]
  0x00007fc4fb14d000 JavaThread "WebSocketTunnelClient" daemon [_thread_in_native, id=21763, stack(0x0000000121159000,0x0000000121259000)]
  0x00007fc4fb816000 JavaThread "Service Thread" daemon [_thread_blocked, id=20739, stack(0x0000000120d61000,0x0000000120e61000)]
  0x00007fc4fc03a000 JavaThread "C1 CompilerThread3" daemon [_thread_blocked, id=20227, stack(0x0000000120c5e000,0x0000000120d5e000)]
  0x00007fc4fd801800 JavaThread "C2 CompilerThread2" daemon [_thread_blocked, id=19715, stack(0x0000000120b5b000,0x0000000120c5b000)]
  0x00007fc4fc039000 JavaThread "C2 CompilerThread1" daemon [_thread_blocked, id=19203, stack(0x0000000120a58000,0x0000000120b58000)]
  0x00007fc4fb80b800 JavaThread "C2 CompilerThread0" daemon [_thread_blocked, id=18691, stack(0x0000000120955000,0x0000000120a55000)]
  0x00007fc4fc030800 JavaThread "Signal Dispatcher" daemon [_thread_blocked, id=15627, stack(0x0000000120852000,0x0000000120952000)]
  0x00007fc4fb813000 JavaThread "Finalizer" daemon [_thread_blocked, id=13571, stack(0x000000011ee29000,0x000000011ef29000)]
  0x00007fc4fb041800 JavaThread "Reference Handler" daemon [_thread_blocked, id=13059, stack(0x000000011ed26000,0x000000011ee26000)]
  0x00007fc4fb801000 JavaThread "main" [_thread_blocked, id=4867, stack(0x00000001012e4000,0x00000001013e4000)]

Other Threads:
  0x00007fc4fb03c800 VMThread [stack: 0x000000011ec23000,0x000000011ed23000] [id=12547]
  0x00007fc4fd82a000 WatcherThread [stack: 0x0000000120e64000,0x0000000120f64000] [id=21251]

VM state:not at safepoint (normal execution)

VM Mutex/Monitor currently owned by a thread: None

Heap:
 PSYoungGen      total 76288K, used 47220K [0x000000076ab00000, 0x0000000770000000, 0x00000007c0000000)
  eden space 65536K, 72% used [0x000000076ab00000,0x000000076d91d3d0,0x000000076eb00000)
  from space 10752K, 0% used [0x000000076f580000,0x000000076f580000,0x0000000770000000)
  to   space 10752K, 0% used [0x000000076eb00000,0x000000076eb00000,0x000000076f580000)
 ParOldGen       total 175104K, used 0K [0x00000006c0000000, 0x00000006cab00000, 0x000000076ab00000)
  object space 175104K, 0% used [0x00000006c0000000,0x00000006c0000000,0x00000006cab00000)
 Metaspace       used 10927K, capacity 11058K, committed 11392K, reserved 1058816K
  class space    used 1273K, capacity 1321K, committed 1408K, reserved 1048576K

Card table byte_map: [0x0000000112718000,0x0000000112f19000] byte_map_base: 0x000000010f118000

Marking Bits: (ParMarkBitMap*) 0x0000000102c9c330
 Begin Bits: [0x0000000113c87000, 0x0000000117c87000)
 End Bits:   [0x0000000117c87000, 0x000000011bc87000)

Polling page: 0x00000001013f4000

CodeCache: size=245760Kb used=4212Kb max_used=4212Kb free=241547Kb
 bounds [0x0000000103358000, 0x0000000103788000, 0x0000000112358000]
 total_blobs=1640 nmethods=1285 adapters=270
 compilation: enabled

Compilation events (10 events):
Event: 33.443 Thread 0x00007fc4fc03a000 1383       3       javax.crypto.Cipher::updateAAD (54 bytes)
Event: 33.443 Thread 0x00007fc4fc03a000 nmethod 1383 0x0000000103776210 code [0x00000001037763c0, 0x00000001037768b8]
Event: 33.640 Thread 0x00007fc4fc03a000 1384  s    1       java.io.ByteArrayOutputStream::reset (6 bytes)
Event: 33.640 Thread 0x00007fc4fc03a000 nmethod 1384 0x0000000103776a50 code [0x0000000103776ba0, 0x0000000103776e10]
Event: 35.160 Thread 0x00007fc4fc03a000 1386       3       com.sun.crypto.provider.CipherCore::finalNoPadding (189 bytes)
Event: 35.160 Thread 0x00007fc4fc03a000 nmethod 1386 0x0000000103776e90 code [0x0000000103777100, 0x0000000103777f18]
Event: 35.160 Thread 0x00007fc4fc03a000 1385       3       com.sun.crypto.provider.AESCipher::engineDoFinal (15 bytes)
Event: 35.161 Thread 0x00007fc4fc03a000 nmethod 1385 0x00000001037784d0 code [0x0000000103778640, 0x0000000103778868]
Event: 35.266 Thread 0x00007fc4fc03a000 1387       3       java.util.concurrent.locks.AbstractQueuedSynchronizer::parkAndCheckInterrupt (8 bytes)
Event: 35.266 Thread 0x00007fc4fc03a000 nmethod 1387 0x0000000103778950 code [0x0000000103778b00, 0x0000000103778f78]

GC Heap History (0 events):
No events

Deoptimization events (0 events):
No events

Internal exceptions (10 events):
Event: 5.481 Thread 0x00007fc4fb14d000 Exception <a 'java/security/PrivilegedActionException'> (0x000000076bddd2e8) thrown at [/HUDSON3/workspace/8-2-build-macosx-x86_64/jdk8u20/1074/hotspot/src/share/vm/prims/jvm.cpp, line 1275]
Event: 5.481 Thread 0x00007fc4fb14d000 Exception <a 'java/security/PrivilegedActionException'> (0x000000076bdeb798) thrown at [/HUDSON3/workspace/8-2-build-macosx-x86_64/jdk8u20/1074/hotspot/src/share/vm/prims/jvm.cpp, line 1275]
Event: 5.482 Thread 0x00007fc4fb14d000 Exception <a 'java/security/PrivilegedActionException'> (0x000000076bdfb338) thrown at [/HUDSON3/workspace/8-2-build-macosx-x86_64/jdk8u20/1074/hotspot/src/share/vm/prims/jvm.cpp, line 1275]
Event: 5.482 Thread 0x00007fc4fb14d000 Exception <a 'java/security/PrivilegedActionException'> (0x000000076be09768) thrown at [/HUDSON3/workspace/8-2-build-macosx-x86_64/jdk8u20/1074/hotspot/src/share/vm/prims/jvm.cpp, line 1275]
Event: 5.482 Thread 0x00007fc4fb14d000 Exception <a 'java/security/PrivilegedActionException'> (0x000000076be15ff8) thrown at [/HUDSON3/workspace/8-2-build-macosx-x86_64/jdk8u20/1074/hotspot/src/share/vm/prims/jvm.cpp, line 1275]
Event: 5.483 Thread 0x00007fc4fb14d000 Exception <a 'java/security/PrivilegedActionException'> (0x000000076be21918) thrown at [/HUDSON3/workspace/8-2-build-macosx-x86_64/jdk8u20/1074/hotspot/src/share/vm/prims/jvm.cpp, line 1275]
Event: 5.494 Thread 0x00007fc4fb14d000 Exception <a 'java/security/PrivilegedActionException'> (0x000000076d415208) thrown at [/HUDSON3/workspace/8-2-build-macosx-x86_64/jdk8u20/1074/hotspot/src/share/vm/prims/jvm.cpp, line 1275]
Event: 5.494 Thread 0x00007fc4fb14d000 Exception <a 'java/security/PrivilegedActionException'> (0x000000076d423818) thrown at [/HUDSON3/workspace/8-2-build-macosx-x86_64/jdk8u20/1074/hotspot/src/share/vm/prims/jvm.cpp, line 1275]
Event: 5.495 Thread 0x00007fc4fc19a000 Exception <a 'java/security/PrivilegedActionException'> (0x000000076d029470) thrown at [/HUDSON3/workspace/8-2-build-macosx-x86_64/jdk8u20/1074/hotspot/src/share/vm/prims/jvm.cpp, line 1275]
Event: 5.594 Thread 0x00007fc4fb169800 Exception <a 'java/security/PrivilegedActionException'> (0x000000076cee17f0) thrown at [/HUDSON3/workspace/8-2-build-macosx-x86_64/jdk8u20/1074/hotspot/src/share/vm/prims/jvm.cpp, line 1275]

Events (10 events):
Event: 21.414 Thread 0x00007fc4fd801800 flushing nmethod 0x00000001035a37d0
Event: 21.415 Thread 0x00007fc4fc03a000 flushing nmethod 0x00000001035b36d0
Event: 21.415 Thread 0x00007fc4fc03a000 flushing nmethod 0x00000001035b3cd0
Event: 21.415 Thread 0x00007fc4fc03a000 flushing nmethod 0x00000001035b9350
Event: 21.415 Thread 0x00007fc4fc03a000 flushing nmethod 0x00000001035d4190
Event: 21.416 Thread 0x00007fc4fc03a000 flushing nmethod 0x00000001035e5790
Event: 21.416 Thread 0x00007fc4fc03a000 flushing nmethod 0x000000010362e250
Event: 21.517 Thread 0x00007fc4fc03a000 flushing nmethod 0x000000010363c250
Event: 32.871 loading class java/util/concurrent/locks/ReentrantReadWriteLock$Sync$HoldCounter
Event: 32.871 loading class java/util/concurrent/locks/ReentrantReadWriteLock$Sync$HoldCounter done


Dynamic libraries:
0x0000000004282000 	/System/Library/Frameworks/Cocoa.framework/Versions/A/Cocoa
0x0000000004282000 	/System/Library/Frameworks/Security.framework/Versions/A/Security
0x0000000004282000 	/System/Library/Frameworks/ApplicationServices.framework/Versions/A/ApplicationServices
0x0000000004282000 	/usr/lib/libz.1.dylib
0x0000000004282000 	/usr/lib/libSystem.B.dylib
0x0000000004282000 	/usr/lib/libobjc.A.dylib
0x0000000004282000 	/System/Library/Frameworks/CoreFoundation.framework/Versions/A/CoreFoundation
0x0000000004282000 	/System/Library/Frameworks/Foundation.framework/Versions/C/Foundation
0x0000000004282000 	/System/Library/Frameworks/AppKit.framework/Versions/C/AppKit
0x0000000004282000 	/System/Library/Frameworks/CoreData.framework/Versions/A/CoreData
0x0000000004282000 	/System/Library/PrivateFrameworks/RemoteViewServices.framework/Versions/A/RemoteViewServices
0x0000000004282000 	/System/Library/PrivateFrameworks/UIFoundation.framework/Versions/A/UIFoundation
0x0000000004282000 	/System/Library/Frameworks/IOSurface.framework/Versions/A/IOSurface
0x0000000004282000 	/System/Library/Frameworks/AudioToolbox.framework/Versions/A/AudioToolbox
0x0000000004282000 	/System/Library/Frameworks/AudioUnit.framework/Versions/A/AudioUnit
0x0000000004282000 	/System/Library/PrivateFrameworks/DataDetectorsCore.framework/Versions/A/DataDetectorsCore
0x0000000004282000 	/System/Library/PrivateFrameworks/DesktopServicesPriv.framework/Versions/A/DesktopServicesPriv
0x0000000004282000 	/System/Library/Frameworks/Carbon.framework/Versions/A/Frameworks/HIToolbox.framework/Versions/A/HIToolbox
0x0000000004282000 	/System/Library/Frameworks/QuartzCore.framework/Versions/A/QuartzCore
0x0000000004282000 	/System/Library/Frameworks/Carbon.framework/Versions/A/Frameworks/SpeechRecognition.framework/Versions/A/SpeechRecognition
0x0000000004282000 	/usr/lib/libauto.dylib
0x0000000004282000 	/usr/lib/libicucore.A.dylib
0x0000000004282000 	/usr/lib/libxml2.2.dylib
0x0000000004282000 	/System/Library/PrivateFrameworks/CoreUI.framework/Versions/A/CoreUI
0x0000000004282000 	/System/Library/Frameworks/CoreAudio.framework/Versions/A/CoreAudio
0x0000000004282000 	/System/Library/Frameworks/DiskArbitration.framework/Versions/A/DiskArbitration
0x0000000004282000 	/usr/lib/liblangid.dylib
0x0000000004282000 	/System/Library/PrivateFrameworks/MultitouchSupport.framework/Versions/A/MultitouchSupport
0x0000000004282000 	/System/Library/Frameworks/IOKit.framework/Versions/A/IOKit
0x0000000004282000 	/usr/lib/libDiagnosticMessagesClient.dylib
0x0000000004282000 	/System/Library/Frameworks/CoreServices.framework/Versions/A/CoreServices
0x0000000004282000 	/System/Library/PrivateFrameworks/PerformanceAnalysis.framework/Versions/A/PerformanceAnalysis
0x0000000004282000 	/System/Library/PrivateFrameworks/GenerationalStorage.framework/Versions/A/GenerationalStorage
0x0000000004282000 	/System/Library/Frameworks/OpenGL.framework/Versions/A/OpenGL
0x0000000004282000 	/System/Library/PrivateFrameworks/Sharing.framework/Versions/A/Sharing
0x0000000004282000 	/System/Library/Frameworks/CoreGraphics.framework/Versions/A/CoreGraphics
0x0000000004282000 	/System/Library/Frameworks/CoreText.framework/Versions/A/CoreText
0x0000000004282000 	/System/Library/Frameworks/ImageIO.framework/Versions/A/ImageIO
0x0000000004282000 	/usr/lib/libextension.dylib
0x0000000004282000 	/System/Library/PrivateFrameworks/Backup.framework/Versions/A/Backup
0x0000000004282000 	/usr/lib/libarchive.2.dylib
0x0000000004282000 	/System/Library/Frameworks/CFNetwork.framework/Versions/A/CFNetwork
0x0000000004282000 	/System/Library/Frameworks/SystemConfiguration.framework/Versions/A/SystemConfiguration
0x0000000004282000 	/usr/lib/libCRFSuite.dylib
0x0000000004282000 	/usr/lib/libc++.1.dylib
0x0000000004282000 	/usr/lib/libc++abi.dylib
0x0000000004282000 	/usr/lib/system/libcache.dylib
0x0000000004282000 	/usr/lib/system/libcommonCrypto.dylib
0x0000000004282000 	/usr/lib/system/libcompiler_rt.dylib
0x0000000004282000 	/usr/lib/system/libcopyfile.dylib
0x0000000004282000 	/usr/lib/system/libcorecrypto.dylib
0x0000000004282000 	/usr/lib/system/libdispatch.dylib
0x0000000004282000 	/usr/lib/system/libdyld.dylib
0x0000000004282000 	/usr/lib/system/libkeymgr.dylib
0x0000000004282000 	/usr/lib/system/liblaunch.dylib
0x0000000004282000 	/usr/lib/system/libmacho.dylib
0x0000000004282000 	/usr/lib/system/libquarantine.dylib
0x0000000004282000 	/usr/lib/system/libremovefile.dylib
0x0000000004282000 	/usr/lib/system/libsystem_asl.dylib
0x0000000004282000 	/usr/lib/system/libsystem_blocks.dylib
0x0000000004282000 	/usr/lib/system/libsystem_c.dylib
0x0000000004282000 	/usr/lib/system/libsystem_configuration.dylib
0x0000000004282000 	/usr/lib/system/libsystem_coreservices.dylib
0x0000000004282000 	/usr/lib/system/libsystem_coretls.dylib
0x0000000004282000 	/usr/lib/system/libsystem_dnssd.dylib
0x0000000004282000 	/usr/lib/system/libsystem_info.dylib
0x0000000004282000 	/usr/lib/system/libsystem_kernel.dylib
0x0000000004282000 	/usr/lib/system/libsystem_m.dylib
0x0000000004282000 	/usr/lib/system/libsystem_malloc.dylib
0x0000000004282000 	/usr/lib/system/libsystem_network.dylib
0x0000000004282000 	/usr/lib/system/libsystem_networkextension.dylib
0x0000000004282000 	/usr/lib/system/libsystem_notify.dylib
0x0000000004282000 	/usr/lib/system/libsystem_platform.dylib
0x0000000004282000 	/usr/lib/system/libsystem_pthread.dylib
0x0000000004282000 	/usr/lib/system/libsystem_sandbox.dylib
0x0000000004282000 	/usr/lib/system/libsystem_secinit.dylib
0x0000000004282000 	/usr/lib/system/libsystem_stats.dylib
0x0000000004282000 	/usr/lib/system/libsystem_trace.dylib
0x0000000004282000 	/usr/lib/system/libunc.dylib
0x0000000004282000 	/usr/lib/system/libunwind.dylib
0x0000000004282000 	/usr/lib/system/libxpc.dylib
0x0000000004282000 	/usr/lib/libbz2.1.0.dylib
0x0000000004282000 	/usr/lib/liblzma.5.dylib
0x0000000004282000 	/usr/lib/libbsm.0.dylib
0x0000000004282000 	/usr/lib/libsqlite3.dylib
0x0000000004282000 	/usr/lib/system/libkxld.dylib
0x0000000004282000 	/usr/lib/libxar.1.dylib
0x0000000004282000 	/usr/lib/libpam.2.dylib
0x0000000004282000 	/usr/lib/libOpenScriptingUtil.dylib
0x0000000004282000 	/System/Library/Frameworks/CoreServices.framework/Versions/A/Frameworks/FSEvents.framework/Versions/A/FSEvents
0x0000000004282000 	/System/Library/Frameworks/CoreServices.framework/Versions/A/Frameworks/CarbonCore.framework/Versions/A/CarbonCore
0x0000000004282000 	/System/Library/Frameworks/CoreServices.framework/Versions/A/Frameworks/Metadata.framework/Versions/A/Metadata
0x0000000004282000 	/System/Library/Frameworks/CoreServices.framework/Versions/A/Frameworks/OSServices.framework/Versions/A/OSServices
0x0000000004282000 	/System/Library/Frameworks/CoreServices.framework/Versions/A/Frameworks/SearchKit.framework/Versions/A/SearchKit
0x0000000004282000 	/System/Library/Frameworks/CoreServices.framework/Versions/A/Frameworks/AE.framework/Versions/A/AE
0x0000000004282000 	/System/Library/Frameworks/CoreServices.framework/Versions/A/Frameworks/LaunchServices.framework/Versions/A/LaunchServices
0x0000000004282000 	/System/Library/Frameworks/CoreServices.framework/Versions/A/Frameworks/DictionaryServices.framework/Versions/A/DictionaryServices
0x0000000004282000 	/System/Library/Frameworks/NetFS.framework/Versions/A/NetFS
0x0000000004282000 	/System/Library/PrivateFrameworks/NetAuth.framework/Versions/A/NetAuth
0x0000000004282000 	/System/Library/PrivateFrameworks/login.framework/Versions/A/Frameworks/loginsupport.framework/Versions/A/loginsupport
0x0000000004282000 	/System/Library/PrivateFrameworks/TCC.framework/Versions/A/TCC
0x0000000004282000 	/usr/lib/libmecabra.dylib
0x0000000004282000 	/System/Library/Frameworks/ApplicationServices.framework/Versions/A/Frameworks/ATS.framework/Versions/A/ATS
0x0000000004282000 	/System/Library/Frameworks/ApplicationServices.framework/Versions/A/Frameworks/ColorSync.framework/Versions/A/ColorSync
0x0000000004282000 	/System/Library/Frameworks/ApplicationServices.framework/Versions/A/Frameworks/HIServices.framework/Versions/A/HIServices
0x0000000004282000 	/System/Library/Frameworks/ApplicationServices.framework/Versions/A/Frameworks/LangAnalysis.framework/Versions/A/LangAnalysis
0x0000000004282000 	/System/Library/Frameworks/ApplicationServices.framework/Versions/A/Frameworks/PrintCore.framework/Versions/A/PrintCore
0x0000000004282000 	/System/Library/Frameworks/ApplicationServices.framework/Versions/A/Frameworks/QD.framework/Versions/A/QD
0x0000000004282000 	/System/Library/Frameworks/ApplicationServices.framework/Versions/A/Frameworks/SpeechSynthesis.framework/Versions/A/SpeechSynthesis
0x0000000004282000 	/System/Library/Frameworks/Accelerate.framework/Versions/A/Accelerate
0x0000000004282000 	/System/Library/Frameworks/Accelerate.framework/Versions/A/Frameworks/vImage.framework/Versions/A/vImage
0x0000000004282000 	/System/Library/Frameworks/Accelerate.framework/Versions/A/Frameworks/vecLib.framework/Versions/A/vecLib
0x0000000004282000 	/System/Library/Frameworks/Accelerate.framework/Versions/A/Frameworks/vecLib.framework/Versions/A/libvDSP.dylib
0x0000000004282000 	/System/Library/Frameworks/Accelerate.framework/Versions/A/Frameworks/vecLib.framework/Versions/A/libvMisc.dylib
0x0000000004282000 	/System/Library/Frameworks/Accelerate.framework/Versions/A/Frameworks/vecLib.framework/Versions/A/libLAPACK.dylib
0x0000000004282000 	/System/Library/Frameworks/Accelerate.framework/Versions/A/Frameworks/vecLib.framework/Versions/A/libBLAS.dylib
0x0000000004282000 	/System/Library/Frameworks/Accelerate.framework/Versions/A/Frameworks/vecLib.framework/Versions/A/libLinearAlgebra.dylib
0x0000000004282000 	/System/Library/Frameworks/ApplicationServices.framework/Versions/A/Frameworks/ATS.framework/Versions/A/Resources/libFontParser.dylib
0x0000000004282000 	/System/Library/Frameworks/ApplicationServices.framework/Versions/A/Frameworks/ATS.framework/Versions/A/Resources/libFontRegistry.dylib
0x0000000004282000 	/System/Library/PrivateFrameworks/AppleVPA.framework/Versions/A/AppleVPA
0x0000000004282000 	/System/Library/PrivateFrameworks/AppleJPEG.framework/Versions/A/AppleJPEG
0x0000000004282000 	/System/Library/Frameworks/ImageIO.framework/Versions/A/Resources/libJPEG.dylib
0x0000000004282000 	/System/Library/Frameworks/ImageIO.framework/Versions/A/Resources/libTIFF.dylib
0x0000000004282000 	/System/Library/Frameworks/ImageIO.framework/Versions/A/Resources/libPng.dylib
0x0000000004282000 	/System/Library/Frameworks/ImageIO.framework/Versions/A/Resources/libGIF.dylib
0x0000000004282000 	/System/Library/Frameworks/ImageIO.framework/Versions/A/Resources/libJP2.dylib
0x0000000004282000 	/System/Library/Frameworks/ImageIO.framework/Versions/A/Resources/libRadiance.dylib
0x0000000004282000 	/System/Library/Frameworks/CoreVideo.framework/Versions/A/CoreVideo
0x0000000004282000 	/System/Library/Frameworks/OpenGL.framework/Versions/A/Libraries/libGLU.dylib
0x0000000004282000 	/System/Library/Frameworks/OpenGL.framework/Versions/A/Libraries/libGFXShared.dylib
0x0000000004282000 	/System/Library/Frameworks/OpenGL.framework/Versions/A/Libraries/libGL.dylib
0x0000000004282000 	/System/Library/Frameworks/OpenGL.framework/Versions/A/Libraries/libGLImage.dylib
0x0000000004282000 	/System/Library/Frameworks/OpenGL.framework/Versions/A/Libraries/libCVMSPluginSupport.dylib
0x0000000004282000 	/System/Library/Frameworks/OpenGL.framework/Versions/A/Libraries/libCoreVMClient.dylib
0x0000000004282000 	/usr/lib/libcups.2.dylib
0x0000000004282000 	/System/Library/Frameworks/Kerberos.framework/Versions/A/Kerberos
0x0000000004282000 	/System/Library/Frameworks/GSS.framework/Versions/A/GSS
0x0000000004282000 	/usr/lib/libresolv.9.dylib
0x0000000004282000 	/usr/lib/libiconv.2.dylib
0x0000000004282000 	/System/Library/PrivateFrameworks/Heimdal.framework/Versions/A/Heimdal
0x0000000004282000 	/usr/lib/libheimdal-asn1.dylib
0x0000000004282000 	/System/Library/Frameworks/OpenDirectory.framework/Versions/A/OpenDirectory
0x0000000004282000 	/System/Library/PrivateFrameworks/CommonAuth.framework/Versions/A/CommonAuth
0x0000000004282000 	/System/Library/Frameworks/OpenDirectory.framework/Versions/A/Frameworks/CFOpenDirectory.framework/Versions/A/CFOpenDirectory
0x0000000004282000 	/System/Library/Frameworks/SecurityFoundation.framework/Versions/A/SecurityFoundation
0x0000000004282000 	/System/Library/PrivateFrameworks/LanguageModeling.framework/Versions/A/LanguageModeling
0x0000000004282000 	/usr/lib/libcmph.dylib
0x0000000004282000 	/System/Library/Frameworks/ServiceManagement.framework/Versions/A/ServiceManagement
0x0000000004282000 	/usr/lib/libxslt.1.dylib
0x0000000004282000 	/System/Library/Frameworks/Carbon.framework/Versions/A/Frameworks/Ink.framework/Versions/A/Ink
0x0000000004282000 	/System/Library/Frameworks/QuartzCore.framework/Versions/A/Frameworks/CoreImage.framework/Versions/A/CoreImage
0x0000000004282000 	/System/Library/PrivateFrameworks/CrashReporterSupport.framework/Versions/A/CrashReporterSupport
0x0000000004282000 	/System/Library/Frameworks/OpenCL.framework/Versions/A/OpenCL
0x0000000004282000 	/System/Library/PrivateFrameworks/FaceCore.framework/Versions/A/FaceCore
0x0000000004282000 	/System/Library/PrivateFrameworks/Ubiquity.framework/Versions/A/Ubiquity
0x0000000004282000 	/System/Library/PrivateFrameworks/IconServices.framework/Versions/A/IconServices
0x0000000004282000 	/System/Library/PrivateFrameworks/ChunkingLibrary.framework/Versions/A/ChunkingLibrary
0x0000000004282000 	/System/Library/PrivateFrameworks/Apple80211.framework/Versions/A/Apple80211
0x0000000004282000 	/System/Library/Frameworks/CoreWLAN.framework/Versions/A/CoreWLAN
0x0000000004282000 	/System/Library/Frameworks/IOBluetooth.framework/Versions/A/IOBluetooth
0x0000000004282000 	/System/Library/PrivateFrameworks/CoreWiFi.framework/Versions/A/CoreWiFi
0x0000000004282000 	/System/Library/Frameworks/CoreBluetooth.framework/Versions/A/CoreBluetooth
0x0000000004282000 	/System/Library/PrivateFrameworks/DebugSymbols.framework/Versions/A/DebugSymbols
0x0000000004282000 	/System/Library/PrivateFrameworks/CoreSymbolication.framework/Versions/A/CoreSymbolication
0x0000000004282000 	/System/Library/PrivateFrameworks/Symbolication.framework/Versions/A/Symbolication
0x0000000004282000 	/System/Library/PrivateFrameworks/SpeechRecognitionCore.framework/Versions/A/SpeechRecognitionCore
0x0000000102400000 	/Library/Java/JavaVirtualMachines/jdk1.8.0_20.jdk/Contents/Home/jre/lib/server/libjvm.dylib
0x0000000004282000 	/usr/lib/libstdc++.6.dylib
0x00000001013e6000 	/Library/Java/JavaVirtualMachines/jdk1.8.0_20.jdk/Contents/Home/jre/lib/libverify.dylib
0x000000010331b000 	/Library/Java/JavaVirtualMachines/jdk1.8.0_20.jdk/Contents/Home/jre/lib/libjava.dylib
0x000000010334f000 	/Library/Java/JavaVirtualMachines/jdk1.8.0_20.jdk/Contents/Home/jre/lib/libzip.dylib
0x000000011ef2b000 	/System/Library/Frameworks/JavaVM.framework/Frameworks/JavaRuntimeSupport.framework/JavaRuntimeSupport
0x000000011ef41000 	/System/Library/Frameworks/JavaVM.framework/Versions/A/Frameworks/JavaNativeFoundation.framework/Versions/A/JavaNativeFoundation
0x000000011ef55000 	/System/Library/Frameworks/JavaVM.framework/Versions/A/JavaVM
0x0000000004282000 	/System/Library/Frameworks/Carbon.framework/Versions/A/Carbon
0x000000011ef61000 	/System/Library/PrivateFrameworks/JavaLaunching.framework/Versions/A/JavaLaunching
0x0000000004282000 	/System/Library/Frameworks/Carbon.framework/Versions/A/Frameworks/CommonPanels.framework/Versions/A/CommonPanels
0x0000000004282000 	/System/Library/Frameworks/Carbon.framework/Versions/A/Frameworks/Help.framework/Versions/A/Help
0x0000000004282000 	/System/Library/Frameworks/Carbon.framework/Versions/A/Frameworks/ImageCapture.framework/Versions/A/ImageCapture
0x0000000004282000 	/System/Library/Frameworks/Carbon.framework/Versions/A/Frameworks/OpenScripting.framework/Versions/A/OpenScripting
0x0000000004282000 	/System/Library/Frameworks/Carbon.framework/Versions/A/Frameworks/Print.framework/Versions/A/Print
0x0000000004282000 	/System/Library/Frameworks/Carbon.framework/Versions/A/Frameworks/SecurityHI.framework/Versions/A/SecurityHI
0x00000001210e9000 	/Library/Java/JavaVirtualMachines/jdk1.8.0_20.jdk/Contents/Home/jre/lib/libnet.dylib
0x0000000121148000 	/Library/Java/JavaVirtualMachines/jdk1.8.0_20.jdk/Contents/Home/jre/lib/libnio.dylib
0x00000001217f7000 	/Library/Java/JavaVirtualMachines/jdk1.8.0_20.jdk/Contents/Home/jre/lib/libsunec.dylib

VM Arguments:
jvm_args: -Dfile.encoding=UTF-8 
java_command: demo.TheClient
java_class_path (initial): /Users/pwebb/projects/spring-boot/code/spring-boot-samples/spring-boot-sample-tunnel/target/classes:/Users/pwebb/projects/spring-boot/code/spring-boot-starters/spring-boot-starter-web/target/classes:/Users/pwebb/projects/spring-boot/code/spring-boot-starters/spring-boot-starter/target/classes:/Users/pwebb/projects/spring-boot/code/spring-boot/target/classes:/Users/pwebb/projects/spring-boot/code/spring-boot-autoconfigure/target/classes:/Users/pwebb/projects/spring-boot/code/spring-boot-starters/spring-boot-starter-logging/target/classes:/Users/pwebb/.m2/repository/ch/qos/logback/logback-classic/1.1.3/logback-classic-1.1.3.jar:/Users/pwebb/.m2/repository/ch/qos/logback/logback-core/1.1.3/logback-core-1.1.3.jar:/Users/pwebb/.m2/repository/org/slf4j/slf4j-api/1.7.11/slf4j-api-1.7.11.jar:/Users/pwebb/.m2/repository/org/slf4j/jcl-over-slf4j/1.7.11/jcl-over-slf4j-1.7.11.jar:/Users/pwebb/.m2/repository/org/slf4j/jul-to-slf4j/1.7.11/jul-to-slf4j-1.7.11.jar:/Users/pwebb/.m2/repository/org/slf4j/log4j-over-slf4j/1.7.11/log4j-over-slf4j-1.7.11.jar:/Users/pwebb/.m2/repository/org/yaml/snakeyaml/1.14/snakeyaml-1.14.jar:/Users/pwebb/projects/spring-boot/code/spring-boot-starters/spring-boot-starter-tomcat/target/classes:/Users/pwebb/.m2/repository/org/apache/tomcat/embed/tomcat-embed-core/8.0.21/tomcat-embed-core-8.0.21.jar:/Users/pwebb/.m2/repository/org/apache/tomcat/embed/tomcat-embed-el/8.0.21/tomcat-embed-el-8.0.21.jar:/Users/pwebb/.m2/repository/org/apache/tomcat/embed/tomcat-embed-logging-juli/8.0.21/tomcat-embed-logging-juli-8.0.21.jar:/Users/pwebb/.m2/repository/org/apache/tomcat/embed/tomcat-embed-websocket/8.0.21/tomcat-embed-websocket-8.0.21.jar:/Users/pwebb/projects/spring-boot/code/spring-boot-starters/spring-boot-starter-validation/target/classes:/Users/pwebb/.m2/repository/org/hibernate/hibernate-validator/5.1.3.Final/hibernate-validator-5.1.3.Final.jar:/Users/pwebb/.m2/repository/javax/validation/validation-api/1.1.0.Final/validation-
Launcher Type: SUN_STANDARD

Environment Variables:
PATH=/usr/bin:/bin:/usr/sbin:/sbin
SHELL=/bin/zsh
DISPLAY=/private/tmp/com.apple.launchd.WzO6yXE72Z/org.macosforge.xquartz:0

Signal Handlers:
SIGSEGV: [libjvm.dylib+0x578fd7], sa_mask[0]=11111111011111110111111111111111, sa_flags=SA_ONSTACK|SA_RESTART|SA_SIGINFO
SIGBUS: [libjvm.dylib+0x578fd7], sa_mask[0]=11111111011111110111111111111111, sa_flags=SA_RESTART|SA_SIGINFO
SIGFPE: [libjvm.dylib+0x45ab0c], sa_mask[0]=11111111011111110111111111111111, sa_flags=SA_RESTART|SA_SIGINFO
SIGPIPE: [libjvm.dylib+0x45ab0c], sa_mask[0]=11111111011111110111111111111111, sa_flags=SA_RESTART|SA_SIGINFO
SIGXFSZ: [libjvm.dylib+0x45ab0c], sa_mask[0]=11111111011111110111111111111111, sa_flags=SA_RESTART|SA_SIGINFO
SIGILL: [libjvm.dylib+0x45ab0c], sa_mask[0]=11111111011111110111111111111111, sa_flags=SA_RESTART|SA_SIGINFO
SIGUSR1: SIG_DFL, sa_mask[0]=00000000000000000000000000000000, sa_flags=none
SIGUSR2: [libjvm.dylib+0x45a62a], sa_mask[0]=00100000000000000000000000000000, sa_flags=SA_RESTART|SA_SIGINFO
SIGHUP: [libjvm.dylib+0x458bfd], sa_mask[0]=11111111011111110111111111111111, sa_flags=SA_RESTART|SA_SIGINFO
SIGINT: [libjvm.dylib+0x458bfd], sa_mask[0]=11111111011111110111111111111111, sa_flags=SA_RESTART|SA_SIGINFO
SIGTERM: [libjvm.dylib+0x458bfd], sa_mask[0]=11111111011111110111111111111111, sa_flags=SA_RESTART|SA_SIGINFO
SIGQUIT: [libjvm.dylib+0x458bfd], sa_mask[0]=11111111011111110111111111111111, sa_flags=SA_RESTART|SA_SIGINFO


---------------  S Y S T E M  ---------------

OS:Bsduname:Darwin 14.3.0 Darwin Kernel Version 14.3.0: Mon Mar 23 11:59:05 PDT 2015; root:xnu-2782.20.48~5/RELEASE_X86_64 x86_64
rlimit: STACK 8192k, CORE 0k, NPROC 709, NOFILE 10240, AS infinity
load average:1.65 1.92 2.00

CPU:total 8 (4 cores per cpu, 2 threads per core) family 6 model 58 stepping 9, cmov, cx8, fxsr, mmx, sse, sse2, sse3, ssse3, sse4.1, sse4.2, popcnt, avx, aes, clmul, erms, ht, tsc, tscinvbit, tscinv

Memory: 4k page, physical 16777216k(86604k free)

/proc/meminfo:


vm_info: Java HotSpot(TM) 64-Bit Server VM (25.20-b23) for bsd-amd64 JRE (1.8.0_20-b26), built on Jul 30 2014 13:37:47 by "java_re" with gcc 4.2.1 (Based on Apple Inc. build 5658) (LLVM build 2336.9.00)

time: Tue Apr 21 22:19:41 2015
elapsed time: 35 seconds (0d 0h 0m 35s)

