#
# A fatal error has been detected by the Java Runtime Environment:
#
#  Internal Error (sharedRuntime.cpp:833), pid=14317, tid=24327
#  fatal error: exception happened outside interpreter, nmethods and vtable stubs at pc 0x00000001117801af
#
# JRE version: Java(TM) SE Runtime Environment (8.0_20-b26) (build 1.8.0_20-b26)
# Java VM: Java HotSpot(TM) 64-Bit Server VM (25.20-b23 mixed mode bsd-amd64 compressed oops)
# Failed to write core dump. Core dumps have been disabled. To enable core dumping, try "ulimit -c unlimited" before starting Java again
#
# If you would like to submit a bug report, please visit:
#   http://bugreport.sun.com/bugreport/crash.jsp
#

---------------  T H R E A D  ---------------

Current thread (0x00007fb70190e800):  JavaThread "WebSocketClient-SecureIO-1" daemon [_thread_in_Java, id=24327, stack(0x000000012fdf4000,0x000000012fef4000)]

Stack: [0x000000012fdf4000,0x000000012fef4000],  sp=0x000000012fef20f0,  free space=1016k
Native frames: (J=compiled Java code, j=interpreted, Vv=VM code, C=native code)
V  [libjvm.dylib+0x578854]
V  [libjvm.dylib+0x1dab63]
V  [libjvm.dylib+0x4b66c1]
V  [libjvm.dylib+0x45e577]
V  [libjvm.dylib+0x45ab3b]
C  [libsystem_platform.dylib+0x4f1a]  _sigtramp+0x1a
C  0x00000007c011be78
J 1321 C2 com.sun.crypto.provider.GCTR.update([BII[BI)I (158 bytes) @ 0x0000000111b6f0a3 [0x0000000111b6eec0+0x1e3]


---------------  P R O C E S S  ---------------

Java Threads: ( => current thread )
  0x00007fb702278800 JavaThread "WebSocket background processing" daemon [_thread_blocked, id=25347, stack(0x000000012fffa000,0x00000001300fa000)]
  0x00007fb702995000 JavaThread "WebSocketClient-SecureIO-2" daemon [_thread_blocked, id=24835, stack(0x000000012fef7000,0x000000012fff7000)]
=>0x00007fb70190e800 JavaThread "WebSocketClient-SecureIO-1" daemon [_thread_in_Java, id=24327, stack(0x000000012fdf4000,0x000000012fef4000)]
  0x00007fb7038b8000 JavaThread "Thread-1" daemon [_thread_in_native, id=23811, stack(0x000000012fabd000,0x000000012fbbd000)]
  0x00007fb702908000 JavaThread "WebSocketTunnelClient" daemon [_thread_in_native, id=21763, stack(0x000000012f528000,0x000000012f628000)]
  0x00007fb702000000 JavaThread "Service Thread" daemon [_thread_blocked, id=20739, stack(0x000000012f131000,0x000000012f231000)]
  0x00007fb701847000 JavaThread "C1 CompilerThread3" daemon [_thread_blocked, id=20227, stack(0x000000012f02e000,0x000000012f12e000)]
  0x00007fb701846800 JavaThread "C2 CompilerThread2" daemon [_thread_blocked, id=19715, stack(0x000000012ef2b000,0x000000012f02b000)]
  0x00007fb701836800 JavaThread "C2 CompilerThread1" daemon [_thread_blocked, id=19203, stack(0x000000012ee28000,0x000000012ef28000)]
  0x00007fb703819000 JavaThread "C2 CompilerThread0" daemon [_thread_blocked, id=18691, stack(0x000000012ed25000,0x000000012ee25000)]
  0x00007fb703817800 JavaThread "Signal Dispatcher" daemon [_thread_blocked, id=15383, stack(0x000000012ec22000,0x000000012ed22000)]
  0x00007fb70280a000 JavaThread "Finalizer" daemon [_thread_blocked, id=13571, stack(0x000000012d1fd000,0x000000012d2fd000)]
  0x00007fb703805800 JavaThread "Reference Handler" daemon [_thread_blocked, id=13059, stack(0x000000012d0fa000,0x000000012d1fa000)]
  0x00007fb702800800 JavaThread "main" [_thread_blocked, id=4867, stack(0x000000010f6b3000,0x000000010f7b3000)]

Other Threads:
  0x00007fb703803000 VMThread [stack: 0x000000012cff7000,0x000000012d0f7000] [id=12547]
  0x00007fb702037000 WatcherThread [stack: 0x000000012f234000,0x000000012f334000] [id=21251]

VM state:not at safepoint (normal execution)

VM Mutex/Monitor currently owned by a thread: None

Heap:
 PSYoungGen      total 76288K, used 45925K [0x000000076ab00000, 0x0000000770000000, 0x00000007c0000000)
  eden space 65536K, 70% used [0x000000076ab00000,0x000000076d7d97c8,0x000000076eb00000)
  from space 10752K, 0% used [0x000000076f580000,0x000000076f580000,0x0000000770000000)
  to   space 10752K, 0% used [0x000000076eb00000,0x000000076eb00000,0x000000076f580000)
 ParOldGen       total 175104K, used 0K [0x00000006c0000000, 0x00000006cab00000, 0x000000076ab00000)
  object space 175104K, 0% used [0x00000006c0000000,0x00000006c0000000,0x00000006cab00000)
 Metaspace       used 10962K, capacity 11186K, committed 11392K, reserved 1058816K
  class space    used 1273K, capacity 1321K, committed 1408K, reserved 1048576K

Card table byte_map: [0x0000000120aec000,0x00000001212ed000] byte_map_base: 0x000000011d4ec000

Marking Bits: (ParMarkBitMap*) 0x000000011109c330
 Begin Bits: [0x000000012205b000, 0x000000012605b000)
 End Bits:   [0x000000012605b000, 0x000000012a05b000)

Polling page: 0x000000010f7f7000

CodeCache: size=245760Kb used=4579Kb max_used=4579Kb free=241180Kb
 bounds [0x000000011172c000, 0x0000000111bac000, 0x000000012072c000]
 total_blobs=1724 nmethods=1369 adapters=270
 compilation: enabled

Compilation events (10 events):
Event: 44.107 Thread 0x00007fb701847000 1389   !   3       sun.nio.ch.AsynchronousSocketChannelImpl::read (245 bytes)
Event: 44.109 Thread 0x00007fb701847000 nmethod 1389 0x0000000111b9ef90 code [0x0000000111b9f280, 0x0000000111ba0878]
Event: 44.109 Thread 0x00007fb701847000 1390       3       org.springframework.boot.livereload.tunnel.WebSocketSessionChannel::write (24 bytes)
Event: 44.110 Thread 0x00007fb701847000 nmethod 1390 0x0000000111ba1410 code [0x0000000111ba15c0, 0x0000000111ba1bf8]
Event: 44.110 Thread 0x00007fb701847000 1391       3       org.apache.tomcat.websocket.WsSession::unregisterFuture (12 bytes)
Event: 44.110 Thread 0x00007fb701847000 nmethod 1391 0x0000000111ba1f50 code [0x0000000111ba20c0, 0x0000000111ba22e8]
Event: 44.204 Thread 0x00007fb701847000 1392   !   3       sun.nio.ch.UnixAsynchronousSocketChannelImpl::finishRead (316 bytes)
Event: 44.207 Thread 0x00007fb701847000 nmethod 1392 0x0000000111ba23d0 code [0x0000000111ba28e0, 0x0000000111ba62d8]
Event: 44.207 Thread 0x00007fb701847000 1393       3       sun.nio.ch.AsynchronousSocketChannelImpl::enableReading (6 bytes)
Event: 44.208 Thread 0x00007fb701847000 nmethod 1393 0x0000000111ba84d0 code [0x0000000111ba8640, 0x0000000111ba8a30]

GC Heap History (0 events):
No events

Deoptimization events (1 events):
Event: 2.702 Thread 0x00007fb70211d800 Uncommon trap: reason=unreached action=reinterpret pc=0x0000000111a807e4 method=java.util.Arrays.equals([B[B)Z @ 12

Internal exceptions (10 events):
Event: 3.212 Thread 0x00007fb702908000 Exception <a 'java/security/PrivilegedActionException'> (0x000000076bddd428) thrown at [/HUDSON3/workspace/8-2-build-macosx-x86_64/jdk8u20/1074/hotspot/src/share/vm/prims/jvm.cpp, line 1275]
Event: 3.212 Thread 0x00007fb702908000 Exception <a 'java/security/PrivilegedActionException'> (0x000000076bdeb8d8) thrown at [/HUDSON3/workspace/8-2-build-macosx-x86_64/jdk8u20/1074/hotspot/src/share/vm/prims/jvm.cpp, line 1275]
Event: 3.213 Thread 0x00007fb702908000 Exception <a 'java/security/PrivilegedActionException'> (0x000000076bdfb478) thrown at [/HUDSON3/workspace/8-2-build-macosx-x86_64/jdk8u20/1074/hotspot/src/share/vm/prims/jvm.cpp, line 1275]
Event: 3.213 Thread 0x00007fb702908000 Exception <a 'java/security/PrivilegedActionException'> (0x000000076be098a8) thrown at [/HUDSON3/workspace/8-2-build-macosx-x86_64/jdk8u20/1074/hotspot/src/share/vm/prims/jvm.cpp, line 1275]
Event: 3.213 Thread 0x00007fb702908000 Exception <a 'java/security/PrivilegedActionException'> (0x000000076be16138) thrown at [/HUDSON3/workspace/8-2-build-macosx-x86_64/jdk8u20/1074/hotspot/src/share/vm/prims/jvm.cpp, line 1275]
Event: 3.214 Thread 0x00007fb702908000 Exception <a 'java/security/PrivilegedActionException'> (0x000000076be21a58) thrown at [/HUDSON3/workspace/8-2-build-macosx-x86_64/jdk8u20/1074/hotspot/src/share/vm/prims/jvm.cpp, line 1275]
Event: 3.224 Thread 0x00007fb702908000 Exception <a 'java/security/PrivilegedActionException'> (0x000000076d4190e0) thrown at [/HUDSON3/workspace/8-2-build-macosx-x86_64/jdk8u20/1074/hotspot/src/share/vm/prims/jvm.cpp, line 1275]
Event: 3.225 Thread 0x00007fb702908000 Exception <a 'java/security/PrivilegedActionException'> (0x000000076d4276f0) thrown at [/HUDSON3/workspace/8-2-build-macosx-x86_64/jdk8u20/1074/hotspot/src/share/vm/prims/jvm.cpp, line 1275]
Event: 3.226 Thread 0x00007fb702995000 Exception <a 'java/security/PrivilegedActionException'> (0x000000076d02b320) thrown at [/HUDSON3/workspace/8-2-build-macosx-x86_64/jdk8u20/1074/hotspot/src/share/vm/prims/jvm.cpp, line 1275]
Event: 3.339 Thread 0x00007fb70190e800 Exception <a 'java/security/PrivilegedActionException'> (0x000000076cee3688) thrown at [/HUDSON3/workspace/8-2-build-macosx-x86_64/jdk8u20/1074/hotspot/src/share/vm/prims/jvm.cpp, line 1275]

Events (10 events):
Event: 25.306 Thread 0x00007fb701847000 flushing nmethod 0x000000011184c650
Event: 25.306 Thread 0x00007fb701847000 flushing nmethod 0x000000011184ced0
Event: 25.306 Thread 0x00007fb701847000 flushing nmethod 0x000000011184d5d0
Event: 25.307 Thread 0x00007fb701847000 flushing nmethod 0x0000000111858b10
Event: 25.307 Thread 0x00007fb701847000 flushing nmethod 0x000000011185a4d0
Event: 25.307 Thread 0x00007fb701847000 flushing nmethod 0x0000000111861d90
Event: 25.307 Thread 0x00007fb701847000 flushing nmethod 0x0000000111863490
Event: 25.307 Thread 0x00007fb701847000 flushing nmethod 0x000000011186e350
Event: 43.921 loading class java/util/concurrent/locks/ReentrantReadWriteLock$Sync$HoldCounter
Event: 43.922 loading class java/util/concurrent/locks/ReentrantReadWriteLock$Sync$HoldCounter done


Dynamic libraries:
0x0000000004282000 	/System/Library/Frameworks/Cocoa.framework/Versions/A/Cocoa
0x0000000004282000 	/System/Library/Frameworks/Security.framework/Versions/A/Security
0x0000000004282000 	/System/Library/Frameworks/ApplicationServices.framework/Versions/A/ApplicationServices
0x0000000004282000 	/usr/lib/libz.1.dylib
0x0000000004282000 	/usr/lib/libSystem.B.dylib
0x0000000004282000 	/usr/lib/libobjc.A.dylib
0x0000000004282000 	/System/Library/Frameworks/CoreFoundation.framework/Versions/A/CoreFoundation
0x0000000004282000 	/System/Library/Frameworks/Foundation.framework/Versions/C/Foundation
0x0000000004282000 	/System/Library/Frameworks/AppKit.framework/Versions/C/AppKit
0x0000000004282000 	/System/Library/Frameworks/CoreData.framework/Versions/A/CoreData
0x0000000004282000 	/System/Library/PrivateFrameworks/RemoteViewServices.framework/Versions/A/RemoteViewServices
0x0000000004282000 	/System/Library/PrivateFrameworks/UIFoundation.framework/Versions/A/UIFoundation
0x0000000004282000 	/System/Library/Frameworks/IOSurface.framework/Versions/A/IOSurface
0x0000000004282000 	/System/Library/Frameworks/AudioToolbox.framework/Versions/A/AudioToolbox
0x0000000004282000 	/System/Library/Frameworks/AudioUnit.framework/Versions/A/AudioUnit
0x0000000004282000 	/System/Library/PrivateFrameworks/DataDetectorsCore.framework/Versions/A/DataDetectorsCore
0x0000000004282000 	/System/Library/PrivateFrameworks/DesktopServicesPriv.framework/Versions/A/DesktopServicesPriv
0x0000000004282000 	/System/Library/Frameworks/Carbon.framework/Versions/A/Frameworks/HIToolbox.framework/Versions/A/HIToolbox
0x0000000004282000 	/System/Library/Frameworks/QuartzCore.framework/Versions/A/QuartzCore
0x0000000004282000 	/System/Library/Frameworks/Carbon.framework/Versions/A/Frameworks/SpeechRecognition.framework/Versions/A/SpeechRecognition
0x0000000004282000 	/usr/lib/libauto.dylib
0x0000000004282000 	/usr/lib/libicucore.A.dylib
0x0000000004282000 	/usr/lib/libxml2.2.dylib
0x0000000004282000 	/System/Library/PrivateFrameworks/CoreUI.framework/Versions/A/CoreUI
0x0000000004282000 	/System/Library/Frameworks/CoreAudio.framework/Versions/A/CoreAudio
0x0000000004282000 	/System/Library/Frameworks/DiskArbitration.framework/Versions/A/DiskArbitration
0x0000000004282000 	/usr/lib/liblangid.dylib
0x0000000004282000 	/System/Library/PrivateFrameworks/MultitouchSupport.framework/Versions/A/MultitouchSupport
0x0000000004282000 	/System/Library/Frameworks/IOKit.framework/Versions/A/IOKit
0x0000000004282000 	/usr/lib/libDiagnosticMessagesClient.dylib
0x0000000004282000 	/System/Library/Frameworks/CoreServices.framework/Versions/A/CoreServices
0x0000000004282000 	/System/Library/PrivateFrameworks/PerformanceAnalysis.framework/Versions/A/PerformanceAnalysis
0x0000000004282000 	/System/Library/PrivateFrameworks/GenerationalStorage.framework/Versions/A/GenerationalStorage
0x0000000004282000 	/System/Library/Frameworks/OpenGL.framework/Versions/A/OpenGL
0x0000000004282000 	/System/Library/PrivateFrameworks/Sharing.framework/Versions/A/Sharing
0x0000000004282000 	/System/Library/Frameworks/CoreGraphics.framework/Versions/A/CoreGraphics
0x0000000004282000 	/System/Library/Frameworks/CoreText.framework/Versions/A/CoreText
0x0000000004282000 	/System/Library/Frameworks/ImageIO.framework/Versions/A/ImageIO
0x0000000004282000 	/usr/lib/libextension.dylib
0x0000000004282000 	/System/Library/PrivateFrameworks/Backup.framework/Versions/A/Backup
0x0000000004282000 	/usr/lib/libarchive.2.dylib
0x0000000004282000 	/System/Library/Frameworks/CFNetwork.framework/Versions/A/CFNetwork
0x0000000004282000 	/System/Library/Frameworks/SystemConfiguration.framework/Versions/A/SystemConfiguration
0x0000000004282000 	/usr/lib/libCRFSuite.dylib
0x0000000004282000 	/usr/lib/libc++.1.dylib
0x0000000004282000 	/usr/lib/libc++abi.dylib
0x0000000004282000 	/usr/lib/system/libcache.dylib
0x0000000004282000 	/usr/lib/system/libcommonCrypto.dylib
0x0000000004282000 	/usr/lib/system/libcompiler_rt.dylib
0x0000000004282000 	/usr/lib/system/libcopyfile.dylib
0x0000000004282000 	/usr/lib/system/libcorecrypto.dylib
0x0000000004282000 	/usr/lib/system/libdispatch.dylib
0x0000000004282000 	/usr/lib/system/libdyld.dylib
0x0000000004282000 	/usr/lib/system/libkeymgr.dylib
0x0000000004282000 	/usr/lib/system/liblaunch.dylib
0x0000000004282000 	/usr/lib/system/libmacho.dylib
0x0000000004282000 	/usr/lib/system/libquarantine.dylib
0x0000000004282000 	/usr/lib/system/libremovefile.dylib
0x0000000004282000 	/usr/lib/system/libsystem_asl.dylib
0x0000000004282000 	/usr/lib/system/libsystem_blocks.dylib
0x0000000004282000 	/usr/lib/system/libsystem_c.dylib
0x0000000004282000 	/usr/lib/system/libsystem_configuration.dylib
0x0000000004282000 	/usr/lib/system/libsystem_coreservices.dylib
0x0000000004282000 	/usr/lib/system/libsystem_coretls.dylib
0x0000000004282000 	/usr/lib/system/libsystem_dnssd.dylib
0x0000000004282000 	/usr/lib/system/libsystem_info.dylib
0x0000000004282000 	/usr/lib/system/libsystem_kernel.dylib
0x0000000004282000 	/usr/lib/system/libsystem_m.dylib
0x0000000004282000 	/usr/lib/system/libsystem_malloc.dylib
0x0000000004282000 	/usr/lib/system/libsystem_network.dylib
0x0000000004282000 	/usr/lib/system/libsystem_networkextension.dylib
0x0000000004282000 	/usr/lib/system/libsystem_notify.dylib
0x0000000004282000 	/usr/lib/system/libsystem_platform.dylib
0x0000000004282000 	/usr/lib/system/libsystem_pthread.dylib
0x0000000004282000 	/usr/lib/system/libsystem_sandbox.dylib
0x0000000004282000 	/usr/lib/system/libsystem_secinit.dylib
0x0000000004282000 	/usr/lib/system/libsystem_stats.dylib
0x0000000004282000 	/usr/lib/system/libsystem_trace.dylib
0x0000000004282000 	/usr/lib/system/libunc.dylib
0x0000000004282000 	/usr/lib/system/libunwind.dylib
0x0000000004282000 	/usr/lib/system/libxpc.dylib
0x0000000004282000 	/usr/lib/libbz2.1.0.dylib
0x0000000004282000 	/usr/lib/liblzma.5.dylib
0x0000000004282000 	/usr/lib/libbsm.0.dylib
0x0000000004282000 	/usr/lib/libsqlite3.dylib
0x0000000004282000 	/usr/lib/system/libkxld.dylib
0x0000000004282000 	/usr/lib/libxar.1.dylib
0x0000000004282000 	/usr/lib/libpam.2.dylib
0x0000000004282000 	/usr/lib/libOpenScriptingUtil.dylib
0x0000000004282000 	/System/Library/Frameworks/CoreServices.framework/Versions/A/Frameworks/FSEvents.framework/Versions/A/FSEvents
0x0000000004282000 	/System/Library/Frameworks/CoreServices.framework/Versions/A/Frameworks/CarbonCore.framework/Versions/A/CarbonCore
0x0000000004282000 	/System/Library/Frameworks/CoreServices.framework/Versions/A/Frameworks/Metadata.framework/Versions/A/Metadata
0x0000000004282000 	/System/Library/Frameworks/CoreServices.framework/Versions/A/Frameworks/OSServices.framework/Versions/A/OSServices
0x0000000004282000 	/System/Library/Frameworks/CoreServices.framework/Versions/A/Frameworks/SearchKit.framework/Versions/A/SearchKit
0x0000000004282000 	/System/Library/Frameworks/CoreServices.framework/Versions/A/Frameworks/AE.framework/Versions/A/AE
0x0000000004282000 	/System/Library/Frameworks/CoreServices.framework/Versions/A/Frameworks/LaunchServices.framework/Versions/A/LaunchServices
0x0000000004282000 	/System/Library/Frameworks/CoreServices.framework/Versions/A/Frameworks/DictionaryServices.framework/Versions/A/DictionaryServices
0x0000000004282000 	/System/Library/Frameworks/NetFS.framework/Versions/A/NetFS
0x0000000004282000 	/System/Library/PrivateFrameworks/NetAuth.framework/Versions/A/NetAuth
0x0000000004282000 	/System/Library/PrivateFrameworks/login.framework/Versions/A/Frameworks/loginsupport.framework/Versions/A/loginsupport
0x0000000004282000 	/System/Library/PrivateFrameworks/TCC.framework/Versions/A/TCC
0x0000000004282000 	/usr/lib/libmecabra.dylib
0x0000000004282000 	/System/Library/Frameworks/ApplicationServices.framework/Versions/A/Frameworks/ATS.framework/Versions/A/ATS
0x0000000004282000 	/System/Library/Frameworks/ApplicationServices.framework/Versions/A/Frameworks/ColorSync.framework/Versions/A/ColorSync
0x0000000004282000 	/System/Library/Frameworks/ApplicationServices.framework/Versions/A/Frameworks/HIServices.framework/Versions/A/HIServices
0x0000000004282000 	/System/Library/Frameworks/ApplicationServices.framework/Versions/A/Frameworks/LangAnalysis.framework/Versions/A/LangAnalysis
0x0000000004282000 	/System/Library/Frameworks/ApplicationServices.framework/Versions/A/Frameworks/PrintCore.framework/Versions/A/PrintCore
0x0000000004282000 	/System/Library/Frameworks/ApplicationServices.framework/Versions/A/Frameworks/QD.framework/Versions/A/QD
0x0000000004282000 	/System/Library/Frameworks/ApplicationServices.framework/Versions/A/Frameworks/SpeechSynthesis.framework/Versions/A/SpeechSynthesis
0x0000000004282000 	/System/Library/Frameworks/Accelerate.framework/Versions/A/Accelerate
0x0000000004282000 	/System/Library/Frameworks/Accelerate.framework/Versions/A/Frameworks/vImage.framework/Versions/A/vImage
0x0000000004282000 	/System/Library/Frameworks/Accelerate.framework/Versions/A/Frameworks/vecLib.framework/Versions/A/vecLib
0x0000000004282000 	/System/Library/Frameworks/Accelerate.framework/Versions/A/Frameworks/vecLib.framework/Versions/A/libvDSP.dylib
0x0000000004282000 	/System/Library/Frameworks/Accelerate.framework/Versions/A/Frameworks/vecLib.framework/Versions/A/libvMisc.dylib
0x0000000004282000 	/System/Library/Frameworks/Accelerate.framework/Versions/A/Frameworks/vecLib.framework/Versions/A/libLAPACK.dylib
0x0000000004282000 	/System/Library/Frameworks/Accelerate.framework/Versions/A/Frameworks/vecLib.framework/Versions/A/libBLAS.dylib
0x0000000004282000 	/System/Library/Frameworks/Accelerate.framework/Versions/A/Frameworks/vecLib.framework/Versions/A/libLinearAlgebra.dylib
0x0000000004282000 	/System/Library/Frameworks/ApplicationServices.framework/Versions/A/Frameworks/ATS.framework/Versions/A/Resources/libFontParser.dylib
0x0000000004282000 	/System/Library/Frameworks/ApplicationServices.framework/Versions/A/Frameworks/ATS.framework/Versions/A/Resources/libFontRegistry.dylib
0x0000000004282000 	/System/Library/PrivateFrameworks/AppleVPA.framework/Versions/A/AppleVPA
0x0000000004282000 	/System/Library/PrivateFrameworks/AppleJPEG.framework/Versions/A/AppleJPEG
0x0000000004282000 	/System/Library/Frameworks/ImageIO.framework/Versions/A/Resources/libJPEG.dylib
0x0000000004282000 	/System/Library/Frameworks/ImageIO.framework/Versions/A/Resources/libTIFF.dylib
0x0000000004282000 	/System/Library/Frameworks/ImageIO.framework/Versions/A/Resources/libPng.dylib
0x0000000004282000 	/System/Library/Frameworks/ImageIO.framework/Versions/A/Resources/libGIF.dylib
0x0000000004282000 	/System/Library/Frameworks/ImageIO.framework/Versions/A/Resources/libJP2.dylib
0x0000000004282000 	/System/Library/Frameworks/ImageIO.framework/Versions/A/Resources/libRadiance.dylib
0x0000000004282000 	/System/Library/Frameworks/CoreVideo.framework/Versions/A/CoreVideo
0x0000000004282000 	/System/Library/Frameworks/OpenGL.framework/Versions/A/Libraries/libGLU.dylib
0x0000000004282000 	/System/Library/Frameworks/OpenGL.framework/Versions/A/Libraries/libGFXShared.dylib
0x0000000004282000 	/System/Library/Frameworks/OpenGL.framework/Versions/A/Libraries/libGL.dylib
0x0000000004282000 	/System/Library/Frameworks/OpenGL.framework/Versions/A/Libraries/libGLImage.dylib
0x0000000004282000 	/System/Library/Frameworks/OpenGL.framework/Versions/A/Libraries/libCVMSPluginSupport.dylib
0x0000000004282000 	/System/Library/Frameworks/OpenGL.framework/Versions/A/Libraries/libCoreVMClient.dylib
0x0000000004282000 	/usr/lib/libcups.2.dylib
0x0000000004282000 	/System/Library/Frameworks/Kerberos.framework/Versions/A/Kerberos
0x0000000004282000 	/System/Library/Frameworks/GSS.framework/Versions/A/GSS
0x0000000004282000 	/usr/lib/libresolv.9.dylib
0x0000000004282000 	/usr/lib/libiconv.2.dylib
0x0000000004282000 	/System/Library/PrivateFrameworks/Heimdal.framework/Versions/A/Heimdal
0x0000000004282000 	/usr/lib/libheimdal-asn1.dylib
0x0000000004282000 	/System/Library/Frameworks/OpenDirectory.framework/Versions/A/OpenDirectory
0x0000000004282000 	/System/Library/PrivateFrameworks/CommonAuth.framework/Versions/A/CommonAuth
0x0000000004282000 	/System/Library/Frameworks/OpenDirectory.framework/Versions/A/Frameworks/CFOpenDirectory.framework/Versions/A/CFOpenDirectory
0x0000000004282000 	/System/Library/Frameworks/SecurityFoundation.framework/Versions/A/SecurityFoundation
0x0000000004282000 	/System/Library/PrivateFrameworks/LanguageModeling.framework/Versions/A/LanguageModeling
0x0000000004282000 	/usr/lib/libcmph.dylib
0x0000000004282000 	/System/Library/Frameworks/ServiceManagement.framework/Versions/A/ServiceManagement
0x0000000004282000 	/usr/lib/libxslt.1.dylib
0x0000000004282000 	/System/Library/Frameworks/Carbon.framework/Versions/A/Frameworks/Ink.framework/Versions/A/Ink
0x0000000004282000 	/System/Library/Frameworks/QuartzCore.framework/Versions/A/Frameworks/CoreImage.framework/Versions/A/CoreImage
0x0000000004282000 	/System/Library/PrivateFrameworks/CrashReporterSupport.framework/Versions/A/CrashReporterSupport
0x0000000004282000 	/System/Library/Frameworks/OpenCL.framework/Versions/A/OpenCL
0x0000000004282000 	/System/Library/PrivateFrameworks/FaceCore.framework/Versions/A/FaceCore
0x0000000004282000 	/System/Library/PrivateFrameworks/Ubiquity.framework/Versions/A/Ubiquity
0x0000000004282000 	/System/Library/PrivateFrameworks/IconServices.framework/Versions/A/IconServices
0x0000000004282000 	/System/Library/PrivateFrameworks/ChunkingLibrary.framework/Versions/A/ChunkingLibrary
0x0000000004282000 	/System/Library/PrivateFrameworks/Apple80211.framework/Versions/A/Apple80211
0x0000000004282000 	/System/Library/Frameworks/CoreWLAN.framework/Versions/A/CoreWLAN
0x0000000004282000 	/System/Library/Frameworks/IOBluetooth.framework/Versions/A/IOBluetooth
0x0000000004282000 	/System/Library/PrivateFrameworks/CoreWiFi.framework/Versions/A/CoreWiFi
0x0000000004282000 	/System/Library/Frameworks/CoreBluetooth.framework/Versions/A/CoreBluetooth
0x0000000004282000 	/System/Library/PrivateFrameworks/DebugSymbols.framework/Versions/A/DebugSymbols
0x0000000004282000 	/System/Library/PrivateFrameworks/CoreSymbolication.framework/Versions/A/CoreSymbolication
0x0000000004282000 	/System/Library/PrivateFrameworks/Symbolication.framework/Versions/A/Symbolication
0x0000000004282000 	/System/Library/PrivateFrameworks/SpeechRecognitionCore.framework/Versions/A/SpeechRecognitionCore
0x0000000110800000 	/Library/Java/JavaVirtualMachines/jdk1.8.0_20.jdk/Contents/Home/jre/lib/server/libjvm.dylib
0x0000000004282000 	/usr/lib/libstdc++.6.dylib
0x000000010f7b5000 	/Library/Java/JavaVirtualMachines/jdk1.8.0_20.jdk/Contents/Home/jre/lib/libverify.dylib
0x000000010f7c3000 	/Library/Java/JavaVirtualMachines/jdk1.8.0_20.jdk/Contents/Home/jre/lib/libjava.dylib
0x0000000111723000 	/Library/Java/JavaVirtualMachines/jdk1.8.0_20.jdk/Contents/Home/jre/lib/libzip.dylib
0x000000012d2ff000 	/System/Library/Frameworks/JavaVM.framework/Frameworks/JavaRuntimeSupport.framework/JavaRuntimeSupport
0x000000012d315000 	/System/Library/Frameworks/JavaVM.framework/Versions/A/Frameworks/JavaNativeFoundation.framework/Versions/A/JavaNativeFoundation
0x000000012d329000 	/System/Library/Frameworks/JavaVM.framework/Versions/A/JavaVM
0x0000000004282000 	/System/Library/Frameworks/Carbon.framework/Versions/A/Carbon
0x000000012d335000 	/System/Library/PrivateFrameworks/JavaLaunching.framework/Versions/A/JavaLaunching
0x0000000004282000 	/System/Library/Frameworks/Carbon.framework/Versions/A/Frameworks/CommonPanels.framework/Versions/A/CommonPanels
0x0000000004282000 	/System/Library/Frameworks/Carbon.framework/Versions/A/Frameworks/Help.framework/Versions/A/Help
0x0000000004282000 	/System/Library/Frameworks/Carbon.framework/Versions/A/Frameworks/ImageCapture.framework/Versions/A/ImageCapture
0x0000000004282000 	/System/Library/Frameworks/Carbon.framework/Versions/A/Frameworks/OpenScripting.framework/Versions/A/OpenScripting
0x0000000004282000 	/System/Library/Frameworks/Carbon.framework/Versions/A/Frameworks/Print.framework/Versions/A/Print
0x0000000004282000 	/System/Library/Frameworks/Carbon.framework/Versions/A/Frameworks/SecurityHI.framework/Versions/A/SecurityHI
0x000000012f4b8000 	/Library/Java/JavaVirtualMachines/jdk1.8.0_20.jdk/Contents/Home/jre/lib/libnet.dylib
0x000000012f517000 	/Library/Java/JavaVirtualMachines/jdk1.8.0_20.jdk/Contents/Home/jre/lib/libnio.dylib
0x000000012fbc6000 	/Library/Java/JavaVirtualMachines/jdk1.8.0_20.jdk/Contents/Home/jre/lib/libsunec.dylib

VM Arguments:
jvm_args: -Dfile.encoding=UTF-8 
java_command: demo.TheClient
java_class_path (initial): /Users/pwebb/projects/spring-boot/code/spring-boot-samples/spring-boot-sample-tunnel/target/classes:/Users/pwebb/projects/spring-boot/code/spring-boot-starters/spring-boot-starter-web/target/classes:/Users/pwebb/projects/spring-boot/code/spring-boot-starters/spring-boot-starter/target/classes:/Users/pwebb/projects/spring-boot/code/spring-boot/target/classes:/Users/pwebb/projects/spring-boot/code/spring-boot-autoconfigure/target/classes:/Users/pwebb/projects/spring-boot/code/spring-boot-starters/spring-boot-starter-logging/target/classes:/Users/pwebb/.m2/repository/ch/qos/logback/logback-classic/1.1.3/logback-classic-1.1.3.jar:/Users/pwebb/.m2/repository/ch/qos/logback/logback-core/1.1.3/logback-core-1.1.3.jar:/Users/pwebb/.m2/repository/org/slf4j/slf4j-api/1.7.11/slf4j-api-1.7.11.jar:/Users/pwebb/.m2/repository/org/slf4j/jcl-over-slf4j/1.7.11/jcl-over-slf4j-1.7.11.jar:/Users/pwebb/.m2/repository/org/slf4j/jul-to-slf4j/1.7.11/jul-to-slf4j-1.7.11.jar:/Users/pwebb/.m2/repository/org/slf4j/log4j-over-slf4j/1.7.11/log4j-over-slf4j-1.7.11.jar:/Users/pwebb/.m2/repository/org/yaml/snakeyaml/1.14/snakeyaml-1.14.jar:/Users/pwebb/projects/spring-boot/code/spring-boot-starters/spring-boot-starter-tomcat/target/classes:/Users/pwebb/.m2/repository/org/apache/tomcat/embed/tomcat-embed-core/8.0.21/tomcat-embed-core-8.0.21.jar:/Users/pwebb/.m2/repository/org/apache/tomcat/embed/tomcat-embed-el/8.0.21/tomcat-embed-el-8.0.21.jar:/Users/pwebb/.m2/repository/org/apache/tomcat/embed/tomcat-embed-logging-juli/8.0.21/tomcat-embed-logging-juli-8.0.21.jar:/Users/pwebb/.m2/repository/org/apache/tomcat/embed/tomcat-embed-websocket/8.0.21/tomcat-embed-websocket-8.0.21.jar:/Users/pwebb/projects/spring-boot/code/spring-boot-starters/spring-boot-starter-validation/target/classes:/Users/pwebb/.m2/repository/org/hibernate/hibernate-validator/5.1.3.Final/hibernate-validator-5.1.3.Final.jar:/Users/pwebb/.m2/repository/javax/validation/validation-api/1.1.0.Final/validation-
Launcher Type: SUN_STANDARD

Environment Variables:
PATH=/usr/bin:/bin:/usr/sbin:/sbin
SHELL=/bin/zsh
DISPLAY=/private/tmp/com.apple.launchd.WzO6yXE72Z/org.macosforge.xquartz:0

Signal Handlers:
SIGSEGV: [libjvm.dylib+0x578fd7], sa_mask[0]=11111111011111110111111111111111, sa_flags=SA_ONSTACK|SA_RESTART|SA_SIGINFO
SIGBUS: [libjvm.dylib+0x578fd7], sa_mask[0]=11111111011111110111111111111111, sa_flags=SA_RESTART|SA_SIGINFO
SIGFPE: [libjvm.dylib+0x45ab0c], sa_mask[0]=11111111011111110111111111111111, sa_flags=SA_RESTART|SA_SIGINFO
SIGPIPE: [libjvm.dylib+0x45ab0c], sa_mask[0]=11111111011111110111111111111111, sa_flags=SA_RESTART|SA_SIGINFO
SIGXFSZ: [libjvm.dylib+0x45ab0c], sa_mask[0]=11111111011111110111111111111111, sa_flags=SA_RESTART|SA_SIGINFO
SIGILL: [libjvm.dylib+0x45ab0c], sa_mask[0]=11111111011111110111111111111111, sa_flags=SA_RESTART|SA_SIGINFO
SIGUSR1: SIG_DFL, sa_mask[0]=00000000000000000000000000000000, sa_flags=none
SIGUSR2: [libjvm.dylib+0x45a62a], sa_mask[0]=00100000000000000000000000000000, sa_flags=SA_RESTART|SA_SIGINFO
SIGHUP: [libjvm.dylib+0x458bfd], sa_mask[0]=11111111011111110111111111111111, sa_flags=SA_RESTART|SA_SIGINFO
SIGINT: [libjvm.dylib+0x458bfd], sa_mask[0]=11111111011111110111111111111111, sa_flags=SA_RESTART|SA_SIGINFO
SIGTERM: [libjvm.dylib+0x458bfd], sa_mask[0]=11111111011111110111111111111111, sa_flags=SA_RESTART|SA_SIGINFO
SIGQUIT: [libjvm.dylib+0x458bfd], sa_mask[0]=11111111011111110111111111111111, sa_flags=SA_RESTART|SA_SIGINFO


---------------  S Y S T E M  ---------------

OS:Bsduname:Darwin 14.3.0 Darwin Kernel Version 14.3.0: Mon Mar 23 11:59:05 PDT 2015; root:xnu-2782.20.48~5/RELEASE_X86_64 x86_64
rlimit: STACK 8192k, CORE 0k, NPROC 709, NOFILE 10240, AS infinity
load average:1.90 2.02 2.04

CPU:total 8 (4 cores per cpu, 2 threads per core) family 6 model 58 stepping 9, cmov, cx8, fxsr, mmx, sse, sse2, sse3, ssse3, sse4.1, sse4.2, popcnt, avx, aes, clmul, erms, ht, tsc, tscinvbit, tscinv

Memory: 4k page, physical 16777216k(302068k free)

/proc/meminfo:


vm_info: Java HotSpot(TM) 64-Bit Server VM (25.20-b23) for bsd-amd64 JRE (1.8.0_20-b26), built on Jul 30 2014 13:37:47 by "java_re" with gcc 4.2.1 (Based on Apple Inc. build 5658) (LLVM build 2336.9.00)

time: Tue Apr 21 22:17:45 2015
elapsed time: 56 seconds (0d 0h 0m 56s)

